<?xml version="1.0" encoding="UTF-8"?>
<!-- Generated by org.testng.reporters.JUnitXMLReporter -->
<testsuite ignored="0" hostname="MacBook-Pro.local" failures="1" tests="2" name="Surefire test" time="8.625" errors="0" timestamp="2024-10-05T11:30:37 IST">
  <testcase classname="ExcelDataTest" name="getExcelData" time="0.289">
    <failure type="org.testng.internal.reflect.MethodMatcherException" message="
[public void ExcelDataTest.getExcelData()] has no parameters defined but was found to be using a data provider (either explicitly specified or inherited from class level annotation).
Data provider mismatch
Method: getExcelData([])
Arguments: [(java.lang.String) English_both]">
      <![CDATA[org.testng.internal.reflect.MethodMatcherException: 
[public void ExcelDataTest.getExcelData()] has no parameters defined but was found to be using a data provider (either explicitly specified or inherited from class level annotation).
Data provider mismatch
Method: getExcelData([])
Arguments: [(java.lang.String) English_both]
at java.base/java.util.ArrayList.forEach(ArrayList.java:1511)
... Removed 27 stack frames]]>
    </failure>
  </testcase> <!-- getExcelData -->
  <testcase classname="io.cucumber.testng.AbstractTestNGCucumberTests" name="runScenario" time="8.125"/>
</testsuite> <!-- Surefire test -->
