<?xml version="1.0" encoding="UTF-8"?>
<testng-results ignored="0" total="1" passed="1" failed="0" skipped="0">
  <reporter-output>
  </reporter-output>
  <suite started-at="2024-08-12T10:52:58 IST" name="Surefire suite" finished-at="2024-08-12T10:53:06 IST" duration-ms="8212">
    <groups>
      <group name="cucumber">
        <method signature="AbstractTestNGCucumberTests.runScenario(io.cucumber.testng.PickleWrapper,io.cucumber.testng.FeatureWrapper)[pri:0, instance:Cucumber.Runner.TestNGRunner@60611244]" name="runScenario" class="io.cucumber.testng.AbstractTestNGCucumberTests"/>
      </group> <!-- cucumber -->
    </groups>
    <test started-at="2024-08-12T10:52:58 IST" name="Surefire test" finished-at="2024-08-12T10:53:06 IST" duration-ms="8212">
      <class name="Cucumber.Runner.TestNGRunner">
        <test-method is-config="true" signature="setUpClass(org.testng.ITestContext)[pri:0, instance:Cucumber.Runner.TestNGRunner@60611244]" started-at="2024-08-12T10:52:58 IST" name="setUpClass" finished-at="2024-08-12T10:52:58 IST" duration-ms="159" status="PASS">
          <params>
            <param index="0">
              <value>
                <![CDATA[org.testng.TestRunner@7afbf561]]>
              </value>
            </param>
          </params>
          <reporter-output>
          </reporter-output>
        </test-method> <!-- setUpClass -->
        <test-method signature="runScenario(io.cucumber.testng.PickleWrapper,io.cucumber.testng.FeatureWrapper)[pri:0, instance:Cucumber.Runner.TestNGRunner@60611244]" started-at="2024-08-12T10:52:58 IST" name="runScenario" description="Runs Cucumber Scenarios" data-provider="scenarios" finished-at="2024-08-12T10:53:06 IST" duration-ms="8027" status="PASS">
          <params>
            <param index="0">
              <value>
                <![CDATA["Validation for successful order submission"]]>
              </value>
            </param>
            <param index="1">
              <value>
                <![CDATA["The user successfully submits the order on ECommerce Site"]]>
              </value>
            </param>
          </params>
          <reporter-output>
          </reporter-output>
        </test-method> <!-- runScenario -->
        <test-method is-config="true" signature="tearDownClass()[pri:0, instance:Cucumber.Runner.TestNGRunner@60611244]" started-at="2024-08-12T10:53:06 IST" name="tearDownClass" finished-at="2024-08-12T10:53:06 IST" duration-ms="13" status="PASS">
          <reporter-output>
          </reporter-output>
        </test-method> <!-- tearDownClass -->
      </class> <!-- Cucumber.Runner.TestNGRunner -->
    </test> <!-- Surefire test -->
  </suite> <!-- Surefire suite -->
</testng-results>
