<?xml version="1.0" encoding="UTF-8"?>
<!-- Generated by org.testng.reporters.JUnitXMLReporter -->
<testsuite ignored="0" hostname="MacBook-Pro.local" failures="0" tests="6" name="Workflow" time="12.19" errors="0" timestamp="2024-08-12T10:42:26 IST">
  <testcase classname="Framework" name="logins" time="0.2"/>
  <testcase classname="Framework" name="addToCart" time="2.668"/>
  <testcase classname="Framework" name="cartPageValidation" time="0.542"/>
  <testcase classname="Framework" name="checkoutValidation" time="1.292"/>
  <testcase classname="Framework" name="orderValidation" time="0.57"/>
  <testcase classname="IncorrectLogin" name="validateIncorrectLogin" time="0.745"/>
</testsuite> <!-- Workflow -->
